This is pdfTeX, Version 3.1415926-2.5-1.40.14 (TeX Live 2013) (format=pdflatex 2018.6.11)  1 AUG 2018 00:29
entering extended mode
 restricted \write18 enabled.
 %&-line parsing enabled.
**HW2.tex
(./HW2.tex
LaTeX2e <2011/06/27>
Babel <v3.8m> and hyphenation patterns for english, dumylang, nohyphenation, uk
rainian, russian, bulgarian, loaded.
(/usr/share/texlive/texmf-dist/tex/latex/base/article.cls
Document Class: article 2007/10/19 v1.4h Standard LaTeX document class
(/usr/share/texlive/texmf-dist/tex/latex/base/size10.clo
File: size10.clo 2007/10/19 v1.4h Standard LaTeX file (size option)
)
\c@part=\count79
\c@section=\count80
\c@subsection=\count81
\c@subsubsection=\count82
\c@paragraph=\count83
\c@subparagraph=\count84
\c@figure=\count85
\c@table=\count86
\abovecaptionskip=\skip41
\belowcaptionskip=\skip42
\bibindent=\dimen102
)
(/usr/share/texlive/texmf-dist/tex/latex/graphics/graphicx.sty
Package: graphicx 1999/02/16 v1.0f Enhanced LaTeX Graphics (DPC,SPQR)

(/usr/share/texlive/texmf-dist/tex/latex/graphics/keyval.sty
Package: keyval 1999/03/16 v1.13 key=value parser (DPC)
\KV@toks@=\toks14
)
(/usr/share/texlive/texmf-dist/tex/latex/graphics/graphics.sty
Package: graphics 2009/02/05 v1.0o Standard LaTeX Graphics (DPC,SPQR)

(/usr/share/texlive/texmf-dist/tex/latex/graphics/trig.sty
Package: trig 1999/03/16 v1.09 sin cos tan (DPC)
)
(/usr/share/texlive/texmf-dist/tex/latex/latexconfig/graphics.cfg
File: graphics.cfg 2010/04/23 v1.9 graphics configuration of TeX Live
)
Package graphics Info: Driver file: pdftex.def on input line 91.

(/usr/share/texlive/texmf-dist/tex/latex/pdftex-def/pdftex.def
File: pdftex.def 2011/05/27 v0.06d Graphics/color for pdfTeX

(/usr/share/texlive/texmf-dist/tex/generic/oberdiek/infwarerr.sty
Package: infwarerr 2010/04/08 v1.3 Providing info/warning/error messages (HO)
)
(/usr/share/texlive/texmf-dist/tex/generic/oberdiek/ltxcmds.sty
Package: ltxcmds 2011/11/09 v1.22 LaTeX kernel commands for general use (HO)
)
\Gread@gobject=\count87
))
\Gin@req@height=\dimen103
\Gin@req@width=\dimen104
)
(/usr/share/texlive/texmf-dist/tex/latex/float/float.sty
Package: float 2001/11/08 v1.3d Float enhancements (AL)
\c@float@type=\count88
\float@exts=\toks15
\float@box=\box26
\@float@everytoks=\toks16
\@floatcapt=\box27
) (./HW2.aux

LaTeX Warning: Label `fig:Code' multiply defined.


LaTeX Warning: Label `fig:Code' multiply defined.


LaTeX Warning: Label `fig:Code' multiply defined.


LaTeX Warning: Label `fig:Code' multiply defined.


LaTeX Warning: Label `fig:Code' multiply defined.


LaTeX Warning: Label `fig:Code' multiply defined.


LaTeX Warning: Label `fig:Code' multiply defined.


LaTeX Warning: Label `fig:Code' multiply defined.


LaTeX Warning: Label `fig:Code' multiply defined.


LaTeX Warning: Label `fig:Code' multiply defined.


LaTeX Warning: Label `fig:Code' multiply defined.


LaTeX Warning: Label `fig:Code' multiply defined.


LaTeX Warning: Label `fig:Code' multiply defined.


LaTeX Warning: Label `fig:Code' multiply defined.


LaTeX Warning: Label `fig:Code' multiply defined.


LaTeX Warning: Label `fig:Code' multiply defined.


LaTeX Warning: Label `fig:Code' multiply defined.


LaTeX Warning: Label `fig:Code' multiply defined.


LaTeX Warning: Label `fig:Code' multiply defined.


LaTeX Warning: Label `fig:Code' multiply defined.


LaTeX Warning: Label `fig:Code' multiply defined.


LaTeX Warning: Label `fig:Code' multiply defined.

)
\openout1 = `HW2.aux'.

LaTeX Font Info:    Checking defaults for OML/cmm/m/it on input line 5.
LaTeX Font Info:    ... okay on input line 5.
LaTeX Font Info:    Checking defaults for T1/cmr/m/n on input line 5.
LaTeX Font Info:    ... okay on input line 5.
LaTeX Font Info:    Checking defaults for OT1/cmr/m/n on input line 5.
LaTeX Font Info:    ... okay on input line 5.
LaTeX Font Info:    Checking defaults for OMS/cmsy/m/n on input line 5.
LaTeX Font Info:    ... okay on input line 5.
LaTeX Font Info:    Checking defaults for OMX/cmex/m/n on input line 5.
LaTeX Font Info:    ... okay on input line 5.
LaTeX Font Info:    Checking defaults for U/cmr/m/n on input line 5.
LaTeX Font Info:    ... okay on input line 5.
 (/usr/share/texlive/texmf-dist/tex/context/base/supp-pdf.mkii
[Loading MPS to PDF converter (version 2006.09.02).]
\scratchcounter=\count89
\scratchdimen=\dimen105
\scratchbox=\box28
\nofMPsegments=\count90
\nofMParguments=\count91
\everyMPshowfont=\toks17
\MPscratchCnt=\count92
\MPscratchDim=\dimen106
\MPnumerator=\count93
\makeMPintoPDFobject=\count94
\everyMPtoPDFconversion=\toks18
) (/usr/share/texlive/texmf-dist/tex/generic/oberdiek/pdftexcmds.sty
Package: pdftexcmds 2011/11/29 v0.20 Utility functions of pdfTeX for LuaTeX (HO
)

(/usr/share/texlive/texmf-dist/tex/generic/oberdiek/ifluatex.sty
Package: ifluatex 2010/03/01 v1.3 Provides the ifluatex switch (HO)
Package ifluatex Info: LuaTeX not detected.
)
(/usr/share/texlive/texmf-dist/tex/generic/oberdiek/ifpdf.sty
Package: ifpdf 2011/01/30 v2.3 Provides the ifpdf switch (HO)
Package ifpdf Info: pdfTeX in PDF mode is detected.
)
Package pdftexcmds Info: LuaTeX not detected.
Package pdftexcmds Info: \pdf@primitive is available.
Package pdftexcmds Info: \pdf@ifprimitive is available.
Package pdftexcmds Info: \pdfdraftmode found.
)
(/usr/share/texlive/texmf-dist/tex/latex/oberdiek/epstopdf-base.sty
Package: epstopdf-base 2010/02/09 v2.5 Base part for package epstopdf

(/usr/share/texlive/texmf-dist/tex/latex/oberdiek/grfext.sty
Package: grfext 2010/08/19 v1.1 Manage graphics extensions (HO)

(/usr/share/texlive/texmf-dist/tex/generic/oberdiek/kvdefinekeys.sty
Package: kvdefinekeys 2011/04/07 v1.3 Define keys (HO)
))
(/usr/share/texlive/texmf-dist/tex/latex/oberdiek/kvoptions.sty
Package: kvoptions 2011/06/30 v3.11 Key value format for package options (HO)

(/usr/share/texlive/texmf-dist/tex/generic/oberdiek/kvsetkeys.sty
Package: kvsetkeys 2012/04/25 v1.16 Key value parser (HO)

(/usr/share/texlive/texmf-dist/tex/generic/oberdiek/etexcmds.sty
Package: etexcmds 2011/02/16 v1.5 Avoid name clashes with e-TeX commands (HO)
Package etexcmds Info: Could not find \expanded.
(etexcmds)             That can mean that you are not using pdfTeX 1.50 or
(etexcmds)             that some package has redefined \expanded.
(etexcmds)             In the latter case, load this package earlier.
)))
Package grfext Info: Graphics extension search list:
(grfext)             [.png,.pdf,.jpg,.mps,.jpeg,.jbig2,.jb2,.PNG,.PDF,.JPG,.JPE
G,.JBIG2,.JB2,.eps]
(grfext)             \AppendGraphicsExtensions on input line 452.

(/usr/share/texlive/texmf-dist/tex/latex/latexconfig/epstopdf-sys.cfg
File: epstopdf-sys.cfg 2010/07/13 v1.3 Configuration of (r)epstopdf for TeX Liv
e
))
LaTeX Font Info:    External font `cmex10' loaded for size
(Font)              <12> on input line 10.
LaTeX Font Info:    External font `cmex10' loaded for size
(Font)              <8> on input line 10.
LaTeX Font Info:    External font `cmex10' loaded for size
(Font)              <6> on input line 10.

[1

{/usr/share/texlive/texmf/fonts/map/pdftex/updmap/pdftex.map}]
Missing character: There is no ‚ in font cmr10!
Missing character: There is no Ä in font cmr10!
Missing character: There is no ú in font cmr10!
Missing character: There is no ‚ in font cmr10!
Missing character: There is no Ä in font cmr10!
Missing character: There is no ù in font cmr10!

<./images/ss1.png, id=9, 597.23125pt x 63.23625pt>
File: ./images/ss1.png Graphic file (type png)
 <use ./images/ss1.png>
Package pdftex.def Info: ./images/ss1.png used on input line 27.
(pdftex.def)             Requested size: 298.61488pt x 31.61804pt.

<./images/ss3.png, id=11, 600.2425pt x 348.30125pt>
File: ./images/ss3.png Graphic file (type png)
 <use ./images/ss3.png>
Package pdftex.def Info: ./images/ss3.png used on input line 36.
(pdftex.def)             Requested size: 300.12051pt x 174.15019pt.

[2 <./images/ss1.png>] <./images/ss4.png, id=19, 360.34625pt x 21.07875pt>
File: ./images/ss4.png Graphic file (type png)

<use ./images/ss4.png>
Package pdftex.def Info: ./images/ss4.png used on input line 48.
(pdftex.def)             Requested size: 180.17268pt x 10.53934pt.
 <./images/ss5.png, id=20, 280.04625pt x 22.0825pt>
File: ./images/ss5.png Graphic file (type png)

<use ./images/ss5.png>
Package pdftex.def Info: ./images/ss5.png used on input line 57.
(pdftex.def)             Requested size: 140.02277pt x 11.04121pt.
 <./images/ss6.png, id=21, 464.73625pt x 287.0725pt>
File: ./images/ss6.png Graphic file (type png)

<use ./images/ss6.png>
Package pdftex.def Info: ./images/ss6.png used on input line 66.
(pdftex.def)             Requested size: 232.36755pt x 143.53589pt.
 [3 <./images/ss3.png> <./images/ss4.png> <./images/ss5.png>] <./images/ss7.png
, id=28, 479.7925pt x 351.3125pt>
File: ./images/ss7.png Graphic file (type png)
 <use ./images/ss7.png>
Package pdftex.def Info: ./images/ss7.png used on input line 75.
(pdftex.def)             Requested size: 239.89565pt x 175.6558pt.

<./images/ss8.png, id=29, 620.3175pt x 137.51375pt>
File: ./images/ss8.png Graphic file (type png)
 <use ./images/ss8.png>
Package pdftex.def Info: ./images/ss8.png used on input line 84.
(pdftex.def)             Requested size: 310.15799pt x 68.7567pt.

[4 <./images/ss6.png> <./images/ss7.png>]
<./images/ss9.png, id=35, 618.31pt x 141.52875pt>
File: ./images/ss9.png Graphic file (type png)
 <use ./images/ss9.png>
Package pdftex.def Info: ./images/ss9.png used on input line 93.
(pdftex.def)             Requested size: 309.15424pt x 70.76419pt.

<./images/ss2.png, id=36, 384.43625pt x 21.07875pt>
File: ./images/ss2.png Graphic file (type png)
 <use ./images/ss2.png>
Package pdftex.def Info: ./images/ss2.png used on input line 105.
(pdftex.def)             Requested size: 192.21765pt x 10.53934pt.

<./images/ss10.png, id=37, 210.7875pt x 33.12375pt>
File: ./images/ss10.png Graphic file (type png)
 <use ./images/ss10.png>
Package pdftex.def Info: ./images/ss10.png used on input line 114.
(pdftex.def)             Requested size: 105.3935pt x 16.56183pt.

[5 <./images/ss8.png> <./images/ss9.png> <./images/ss2.png>]
<./images/ss11.png, id=44, 917.4275pt x 107.40125pt>
File: ./images/ss11.png Graphic file (type png)
 <use ./images/ss11.png>
Package pdftex.def Info: ./images/ss11.png used on input line 123.
(pdftex.def)             Requested size: 458.71263pt x 53.70049pt.

Overfull \hbox (113.71263pt too wide) in paragraph at lines 123--124
 [][] 
 []

<./images/ss12.png, id=45, 622.325pt x 265.99374pt>
File: ./images/ss12.png Graphic file (type png)
 <use ./images/ss12.png>
Package pdftex.def Info: ./images/ss12.png used on input line 132.
(pdftex.def)             Requested size: 311.16173pt x 132.99654pt.

<./images/ss13.png, id=46, 501.875pt x 257.96375pt>
File: ./images/ss13.png Graphic file (type png)
 <use ./images/ss13.png>
Package pdftex.def Info: ./images/ss13.png used on input line 141.
(pdftex.def)             Requested size: 250.93687pt x 128.98155pt.

[6 <./images/ss10.png> <./images/ss11.png> <./images/ss12.png>]
<./images/ss14.png, id=53, 730.73pt x 185.69376pt>
File: ./images/ss14.png Graphic file (type png)
 <use ./images/ss14.png>
Package pdftex.def Info: ./images/ss14.png used on input line 150.
(pdftex.def)             Requested size: 365.3641pt x 92.84665pt.

Overfull \hbox (20.3641pt too wide) in paragraph at lines 150--151
 [][] 
 []

<./images/ss18.png, id=54, 770.88pt x 76.285pt>
File: ./images/ss18.png Graphic file (type png)
 <use ./images/ss18.png>
Package pdftex.def Info: ./images/ss18.png used on input line 165.
(pdftex.def)             Requested size: 385.43906pt x 38.1424pt.

Overfull \hbox (40.43906pt too wide) in paragraph at lines 165--166
 [][] 
 []

[7 <./images/ss13.png> <./images/ss14.png>]
<./images/ss15.png, id=61, 465.74pt x 16.06pt>
File: ./images/ss15.png Graphic file (type png)
 <use ./images/ss15.png>
Package pdftex.def Info: ./images/ss15.png used on input line 174.
(pdftex.def)             Requested size: 232.86943pt x 8.02997pt.

<./images/ss16.png, id=62, 452.69125pt x 18.0675pt>
File: ./images/ss16.png Graphic file (type png)
 <use ./images/ss16.png>
Package pdftex.def Info: ./images/ss16.png used on input line 183.
(pdftex.def)             Requested size: 226.34506pt x 9.03372pt.

<./images/ss17.png, id=63, 475.7775pt x 16.06pt>
File: ./images/ss17.png Graphic file (type png)
 <use ./images/ss17.png>
Package pdftex.def Info: ./images/ss17.png used on input line 192.
(pdftex.def)             Requested size: 237.88815pt x 8.02997pt.

<./images/ss19.png, id=64, 803.0pt x 77.28876pt>
File: ./images/ss19.png Graphic file (type png)
 <use ./images/ss19.png>
Package pdftex.def Info: ./images/ss19.png used on input line 201.
(pdftex.def)             Requested size: 401.49902pt x 38.64427pt.

Overfull \hbox (56.49902pt too wide) in paragraph at lines 201--202
 [][] 
 []

<./images/ss20.png, id=65, 544.0325pt x 188.705pt>
File: ./images/ss20.png Graphic file (type png)
 <use ./images/ss20.png>
Package pdftex.def Info: ./images/ss20.png used on input line 210.
(pdftex.def)             Requested size: 272.01558pt x 94.35226pt.

[8 <./images/ss18.png> <./images/ss15.png> <./images/ss16.png> <./images/ss17.p
ng> <./images/ss19.png>] <./images/ss21.png, id=74, 264.99pt x 19.07124pt>
File: ./images/ss21.png Graphic file (type png)

<use ./images/ss21.png>
Package pdftex.def Info: ./images/ss21.png used on input line 221.
(pdftex.def)             Requested size: 132.49467pt x 9.53558pt.
 <./images/ss22.png, id=75, 619.31375pt x 257.96375pt>
File: ./images/ss22.png Graphic file (type png)

<use ./images/ss22.png>
Package pdftex.def Info: ./images/ss22.png used on input line 230.
(pdftex.def)             Requested size: 309.65611pt x 128.98155pt.
 <./images/ss23.png, id=76, 171.64125pt x 37.13875pt>
File: ./images/ss23.png Graphic file (type png)

<use ./images/ss23.png>
Package pdftex.def Info: ./images/ss23.png used on input line 239.
(pdftex.def)             Requested size: 85.8204pt x 18.56932pt.
 [9 <./images/ss20.png> <./images/ss21.png> <./images/ss22.png>]
File: ./images/ss23.png Graphic file (type png)
 <use ./images/ss23.png>
Package pdftex.def Info: ./images/ss23.png used on input line 248.
(pdftex.def)             Requested size: 85.8204pt x 18.56932pt.
 [10 <./images/ss23.png>] [11] (./HW2.aux)

LaTeX Warning: There were multiply-defined labels.

 ) 
Here is how much of TeX's memory you used:
 1670 strings out of 494820
 24108 string characters out of 3178049
 75934 words of memory out of 3000000
 4840 multiletter control sequences out of 15000+200000
 8540 words of font info for 30 fonts, out of 3000000 for 9000
 198 hyphenation exceptions out of 8191
 37i,6n,23p,607b,215s stack positions out of 5000i,500n,10000p,200000b,50000s
</usr/share/texlive/texmf-dist/fonts/type1/public/amsfonts/cm/cmbx12.pfb></us
r/share/texlive/texmf-dist/fonts/type1/public/amsfonts/cm/cmbx9.pfb></usr/share
/texlive/texmf-dist/fonts/type1/public/amsfonts/cm/cmr10.pfb></usr/share/texliv
e/texmf-dist/fonts/type1/public/amsfonts/cm/cmr12.pfb></usr/share/texlive/texmf
-dist/fonts/type1/public/amsfonts/cm/cmr17.pfb></usr/share/texlive/texmf-dist/f
onts/type1/public/amsfonts/cm/cmr9.pfb></usr/share/texlive/texmf-dist/fonts/typ
e1/public/amsfonts/cm/cmti10.pfb>
Output written on HW2.pdf (11 pages, 331468 bytes).
PDF statistics:
 115 PDF objects out of 1000 (max. 8388607)
 48 compressed objects within 1 object stream
 0 named destinations out of 1000 (max. 500000)
 116 words of extra memory for PDF output out of 10000 (max. 10000000)

