This is pdfTeX, Version 3.1415926-2.5-1.40.14 (TeX Live 2013) (format=pdflatex 2018.6.11)  28 AUG 2018 22:41
entering extended mode
 restricted \write18 enabled.
 %&-line parsing enabled.
**FinalProj.tex
(./FinalProj.tex
LaTeX2e <2011/06/27>
Babel <v3.8m> and hyphenation patterns for english, dumylang, nohyphenation, uk
rainian, russian, bulgarian, loaded.
(/usr/share/texlive/texmf-dist/tex/latex/base/article.cls
Document Class: article 2007/10/19 v1.4h Standard LaTeX document class
(/usr/share/texlive/texmf-dist/tex/latex/base/size10.clo
File: size10.clo 2007/10/19 v1.4h Standard LaTeX file (size option)
)
\c@part=\count79
\c@section=\count80
\c@subsection=\count81
\c@subsubsection=\count82
\c@paragraph=\count83
\c@subparagraph=\count84
\c@figure=\count85
\c@table=\count86
\abovecaptionskip=\skip41
\belowcaptionskip=\skip42
\bibindent=\dimen102
)
(/usr/share/texlive/texmf-dist/tex/latex/graphics/graphicx.sty
Package: graphicx 1999/02/16 v1.0f Enhanced LaTeX Graphics (DPC,SPQR)

(/usr/share/texlive/texmf-dist/tex/latex/graphics/keyval.sty
Package: keyval 1999/03/16 v1.13 key=value parser (DPC)
\KV@toks@=\toks14
)
(/usr/share/texlive/texmf-dist/tex/latex/graphics/graphics.sty
Package: graphics 2009/02/05 v1.0o Standard LaTeX Graphics (DPC,SPQR)

(/usr/share/texlive/texmf-dist/tex/latex/graphics/trig.sty
Package: trig 1999/03/16 v1.09 sin cos tan (DPC)
)
(/usr/share/texlive/texmf-dist/tex/latex/latexconfig/graphics.cfg
File: graphics.cfg 2010/04/23 v1.9 graphics configuration of TeX Live
)
Package graphics Info: Driver file: pdftex.def on input line 91.

(/usr/share/texlive/texmf-dist/tex/latex/pdftex-def/pdftex.def
File: pdftex.def 2011/05/27 v0.06d Graphics/color for pdfTeX

(/usr/share/texlive/texmf-dist/tex/generic/oberdiek/infwarerr.sty
Package: infwarerr 2010/04/08 v1.3 Providing info/warning/error messages (HO)
)
(/usr/share/texlive/texmf-dist/tex/generic/oberdiek/ltxcmds.sty
Package: ltxcmds 2011/11/09 v1.22 LaTeX kernel commands for general use (HO)
)
\Gread@gobject=\count87
))
\Gin@req@height=\dimen103
\Gin@req@width=\dimen104
)
(/usr/share/texlive/texmf-dist/tex/latex/float/float.sty
Package: float 2001/11/08 v1.3d Float enhancements (AL)
\c@float@type=\count88
\float@exts=\toks15
\float@box=\box26
\@float@everytoks=\toks16
\@floatcapt=\box27
) (./FinalProj.aux

LaTeX Warning: Label `cat file2.txt' multiply defined.

)
\openout1 = `FinalProj.aux'.

LaTeX Font Info:    Checking defaults for OML/cmm/m/it on input line 5.
LaTeX Font Info:    ... okay on input line 5.
LaTeX Font Info:    Checking defaults for T1/cmr/m/n on input line 5.
LaTeX Font Info:    ... okay on input line 5.
LaTeX Font Info:    Checking defaults for OT1/cmr/m/n on input line 5.
LaTeX Font Info:    ... okay on input line 5.
LaTeX Font Info:    Checking defaults for OMS/cmsy/m/n on input line 5.
LaTeX Font Info:    ... okay on input line 5.
LaTeX Font Info:    Checking defaults for OMX/cmex/m/n on input line 5.
LaTeX Font Info:    ... okay on input line 5.
LaTeX Font Info:    Checking defaults for U/cmr/m/n on input line 5.
LaTeX Font Info:    ... okay on input line 5.
 (/usr/share/texlive/texmf-dist/tex/context/base/supp-pdf.mkii
[Loading MPS to PDF converter (version 2006.09.02).]
\scratchcounter=\count89
\scratchdimen=\dimen105
\scratchbox=\box28
\nofMPsegments=\count90
\nofMParguments=\count91
\everyMPshowfont=\toks17
\MPscratchCnt=\count92
\MPscratchDim=\dimen106
\MPnumerator=\count93
\makeMPintoPDFobject=\count94
\everyMPtoPDFconversion=\toks18
) (/usr/share/texlive/texmf-dist/tex/generic/oberdiek/pdftexcmds.sty
Package: pdftexcmds 2011/11/29 v0.20 Utility functions of pdfTeX for LuaTeX (HO
)

(/usr/share/texlive/texmf-dist/tex/generic/oberdiek/ifluatex.sty
Package: ifluatex 2010/03/01 v1.3 Provides the ifluatex switch (HO)
Package ifluatex Info: LuaTeX not detected.
)
(/usr/share/texlive/texmf-dist/tex/generic/oberdiek/ifpdf.sty
Package: ifpdf 2011/01/30 v2.3 Provides the ifpdf switch (HO)
Package ifpdf Info: pdfTeX in PDF mode is detected.
)
Package pdftexcmds Info: LuaTeX not detected.
Package pdftexcmds Info: \pdf@primitive is available.
Package pdftexcmds Info: \pdf@ifprimitive is available.
Package pdftexcmds Info: \pdfdraftmode found.
)
(/usr/share/texlive/texmf-dist/tex/latex/oberdiek/epstopdf-base.sty
Package: epstopdf-base 2010/02/09 v2.5 Base part for package epstopdf

(/usr/share/texlive/texmf-dist/tex/latex/oberdiek/grfext.sty
Package: grfext 2010/08/19 v1.1 Manage graphics extensions (HO)

(/usr/share/texlive/texmf-dist/tex/generic/oberdiek/kvdefinekeys.sty
Package: kvdefinekeys 2011/04/07 v1.3 Define keys (HO)
))
(/usr/share/texlive/texmf-dist/tex/latex/oberdiek/kvoptions.sty
Package: kvoptions 2011/06/30 v3.11 Key value format for package options (HO)

(/usr/share/texlive/texmf-dist/tex/generic/oberdiek/kvsetkeys.sty
Package: kvsetkeys 2012/04/25 v1.16 Key value parser (HO)

(/usr/share/texlive/texmf-dist/tex/generic/oberdiek/etexcmds.sty
Package: etexcmds 2011/02/16 v1.5 Avoid name clashes with e-TeX commands (HO)
Package etexcmds Info: Could not find \expanded.
(etexcmds)             That can mean that you are not using pdfTeX 1.50 or
(etexcmds)             that some package has redefined \expanded.
(etexcmds)             In the latter case, load this package earlier.
)))
Package grfext Info: Graphics extension search list:
(grfext)             [.png,.pdf,.jpg,.mps,.jpeg,.jbig2,.jb2,.PNG,.PDF,.JPG,.JPE
G,.JBIG2,.JB2,.eps]
(grfext)             \AppendGraphicsExtensions on input line 452.

(/usr/share/texlive/texmf-dist/tex/latex/latexconfig/epstopdf-sys.cfg
File: epstopdf-sys.cfg 2010/07/13 v1.3 Configuration of (r)epstopdf for TeX Liv
e
))
LaTeX Font Info:    External font `cmex10' loaded for size
(Font)              <12> on input line 10.
LaTeX Font Info:    External font `cmex10' loaded for size
(Font)              <8> on input line 10.
LaTeX Font Info:    External font `cmex10' loaded for size
(Font)              <6> on input line 10.

[1

{/usr/share/texlive/texmf/fonts/map/pdftex/updmap/pdftex.map}]
<./images/ss1.png, id=9, 532.99126pt x 33.12375pt>
File: ./images/ss1.png Graphic file (type png)
 <use ./images/ss1.png>
Package pdftex.def Info: ./images/ss1.png used on input line 18.
(pdftex.def)             Requested size: 266.49498pt x 16.56183pt.

<./images/ss2.png, id=11, 543.02875pt x 63.23625pt>
File: ./images/ss2.png Graphic file (type png)
 <use ./images/ss2.png>
Package pdftex.def Info: ./images/ss2.png used on input line 29.
(pdftex.def)             Requested size: 271.5137pt x 31.61804pt.

<./images/ss3.png, id=12, 807.015pt x 63.23625pt>
File: ./images/ss3.png Graphic file (type png)
 <use ./images/ss3.png>
Package pdftex.def Info: ./images/ss3.png used on input line 38.
(pdftex.def)             Requested size: 403.50652pt x 31.61804pt.

Overfull \hbox (58.50652pt too wide) in paragraph at lines 38--39
 [][] 
 []

<./images/ss4.png, id=13, 804.00375pt x 62.2325pt>
File: ./images/ss4.png Graphic file (type png)
 <use ./images/ss4.png>
Package pdftex.def Info: ./images/ss4.png used on input line 45.
(pdftex.def)             Requested size: 402.0009pt x 31.11617pt.

Overfull \hbox (57.0009pt too wide) in paragraph at lines 45--46
 [][] 
 []

<./images/ss5.png, id=14, 679.53876pt x 19.07124pt>
File: ./images/ss5.png Graphic file (type png)
 <use ./images/ss5.png>
Package pdftex.def Info: ./images/ss5.png used on input line 55.
(pdftex.def)             Requested size: 339.76855pt x 9.53558pt.

<./images/ss6.png, id=15, 808.01875pt x 77.28876pt>
File: ./images/ss6.png Graphic file (type png)
 <use ./images/ss6.png>
Package pdftex.def Info: ./images/ss6.png used on input line 64.
(pdftex.def)             Requested size: 404.00839pt x 38.64427pt.

Overfull \hbox (59.00839pt too wide) in paragraph at lines 64--65
 [][] 
 []

[2 <./images/ss1.png> <./images/ss2.png> <./images/ss3.png> <./images/ss4.png> 
<./images/ss5.png>] <./images/ss7.png, id=25, 347.2975pt x 49.18375pt>
File: ./images/ss7.png Graphic file (type png)

<use ./images/ss7.png>
Package pdftex.def Info: ./images/ss7.png used on input line 73.
(pdftex.def)             Requested size: 173.64832pt x 24.5918pt.
 <./images/ss8.png, id=26, 958.58125pt x 654.445pt>
File: ./images/ss8.png Graphic file (type png)

<use ./images/ss8.png>
Package pdftex.def Info: ./images/ss8.png used on input line 82.
(pdftex.def)             Requested size: 479.28946pt x 327.2217pt.

Overfull \hbox (134.28946pt too wide) in paragraph at lines 82--83
 [][] 
 []

<./images/ss9.png, id=27, 434.62375pt x 22.0825pt>
File: ./images/ss9.png Graphic file (type png)
 <use ./images/ss9.png>
Package pdftex.def Info: ./images/ss9.png used on input line 92.
(pdftex.def)             Requested size: 217.31134pt x 11.04121pt.

[3 <./images/ss6.png> <./images/ss7.png> <./images/ss8.png>]
<./images/ss10.png, id=34, 649.42625pt x 66.2475pt>
File: ./images/ss10.png Graphic file (type png)
 <use ./images/ss10.png>
Package pdftex.def Info: ./images/ss10.png used on input line 101.
(pdftex.def)             Requested size: 324.71233pt x 33.12366pt.

<./images/ss11.png, id=35, 678.535pt x 22.0825pt>
File: ./images/ss11.png Graphic file (type png)
 <use ./images/ss11.png>
Package pdftex.def Info: ./images/ss11.png used on input line 110.
(pdftex.def)             Requested size: 339.26666pt x 11.04121pt.

<./images/ss12.png, id=36, 1088.065pt x 62.2325pt>
File: ./images/ss12.png Graphic file (type png)
 <use ./images/ss12.png>
Package pdftex.def Info: ./images/ss12.png used on input line 119.
(pdftex.def)             Requested size: 544.03117pt x 31.11617pt.

Overfull \hbox (199.03117pt too wide) in paragraph at lines 119--120
 [][] 
 []

<./images/ss13.png, id=37, 651.43375pt x 65.24374pt>
File: ./images/ss13.png Graphic file (type png)
 <use ./images/ss13.png>
Package pdftex.def Info: ./images/ss13.png used on input line 128.
(pdftex.def)             Requested size: 325.71606pt x 32.62178pt.

<./images/ss14.png, id=38, 342.27875pt x 34.1275pt>
File: ./images/ss14.png Graphic file (type png)
 <use ./images/ss14.png>
Package pdftex.def Info: ./images/ss14.png used on input line 137.
(pdftex.def)             Requested size: 171.13895pt x 17.06369pt.

[4 <./images/ss9.png> <./images/ss10.png> <./images/ss11.png> <./images/ss12.pn
g> <./images/ss13.png> <./images/ss14.png>] [5] (./FinalProj.aux)

LaTeX Warning: There were multiply-defined labels.

 ) 
Here is how much of TeX's memory you used:
 1631 strings out of 494820
 23436 string characters out of 3178049
 75033 words of memory out of 3000000
 4812 multiletter control sequences out of 15000+200000
 7626 words of font info for 27 fonts, out of 3000000 for 9000
 198 hyphenation exceptions out of 8191
 37i,6n,23p,239b,215s stack positions out of 5000i,500n,10000p,200000b,50000s
</usr/share/texlive/texmf-dist/fonts/type1/public/amsfonts/cm/cmbx12.pfb></us
r/share/texlive/texmf-dist/fonts/type1/public/amsfonts/cm/cmr10.pfb></usr/share
/texlive/texmf-dist/fonts/type1/public/amsfonts/cm/cmr12.pfb></usr/share/texliv
e/texmf-dist/fonts/type1/public/amsfonts/cm/cmr17.pfb></usr/share/texlive/texmf
-dist/fonts/type1/public/amsfonts/cm/cmti10.pfb>
Output written on FinalProj.pdf (5 pages, 255810 bytes).
PDF statistics:
 69 PDF objects out of 1000 (max. 8388607)
 28 compressed objects within 1 object stream
 0 named destinations out of 1000 (max. 500000)
 71 words of extra memory for PDF output out of 10000 (max. 10000000)

