This is pdfTeX, Version 3.1415926-2.5-1.40.14 (TeX Live 2013) (format=pdflatex 2018.6.11)  24 JUL 2018 22:57
entering extended mode
 restricted \write18 enabled.
 %&-line parsing enabled.
**Report.tex
(./Report.tex
LaTeX2e <2011/06/27>
Babel <v3.8m> and hyphenation patterns for english, dumylang, nohyphenation, uk
rainian, russian, bulgarian, loaded.
(/usr/share/texlive/texmf-dist/tex/latex/base/article.cls
Document Class: article 2007/10/19 v1.4h Standard LaTeX document class
(/usr/share/texlive/texmf-dist/tex/latex/base/size10.clo
File: size10.clo 2007/10/19 v1.4h Standard LaTeX file (size option)
)
\c@part=\count79
\c@section=\count80
\c@subsection=\count81
\c@subsubsection=\count82
\c@paragraph=\count83
\c@subparagraph=\count84
\c@figure=\count85
\c@table=\count86
\abovecaptionskip=\skip41
\belowcaptionskip=\skip42
\bibindent=\dimen102
)
(/usr/share/texlive/texmf-dist/tex/latex/graphics/graphicx.sty
Package: graphicx 1999/02/16 v1.0f Enhanced LaTeX Graphics (DPC,SPQR)

(/usr/share/texlive/texmf-dist/tex/latex/graphics/keyval.sty
Package: keyval 1999/03/16 v1.13 key=value parser (DPC)
\KV@toks@=\toks14
)
(/usr/share/texlive/texmf-dist/tex/latex/graphics/graphics.sty
Package: graphics 2009/02/05 v1.0o Standard LaTeX Graphics (DPC,SPQR)

(/usr/share/texlive/texmf-dist/tex/latex/graphics/trig.sty
Package: trig 1999/03/16 v1.09 sin cos tan (DPC)
)
(/usr/share/texlive/texmf-dist/tex/latex/latexconfig/graphics.cfg
File: graphics.cfg 2010/04/23 v1.9 graphics configuration of TeX Live
)
Package graphics Info: Driver file: pdftex.def on input line 91.

(/usr/share/texlive/texmf-dist/tex/latex/pdftex-def/pdftex.def
File: pdftex.def 2011/05/27 v0.06d Graphics/color for pdfTeX

(/usr/share/texlive/texmf-dist/tex/generic/oberdiek/infwarerr.sty
Package: infwarerr 2010/04/08 v1.3 Providing info/warning/error messages (HO)
)
(/usr/share/texlive/texmf-dist/tex/generic/oberdiek/ltxcmds.sty
Package: ltxcmds 2011/11/09 v1.22 LaTeX kernel commands for general use (HO)
)
\Gread@gobject=\count87
))
\Gin@req@height=\dimen103
\Gin@req@width=\dimen104
)
(./Report.aux

LaTeX Warning: Label `fig:Code' multiply defined.


LaTeX Warning: Label `fig:Code' multiply defined.


LaTeX Warning: Label `fig:Code' multiply defined.


LaTeX Warning: Label `fig:Code' multiply defined.


LaTeX Warning: Label `fig:Code' multiply defined.


LaTeX Warning: Label `fig:Code' multiply defined.


LaTeX Warning: Label `fig:Code' multiply defined.


LaTeX Warning: Label `fig:Code' multiply defined.


LaTeX Warning: Label `fig:Code' multiply defined.

)
\openout1 = `Report.aux'.

LaTeX Font Info:    Checking defaults for OML/cmm/m/it on input line 3.
LaTeX Font Info:    ... okay on input line 3.
LaTeX Font Info:    Checking defaults for T1/cmr/m/n on input line 3.
LaTeX Font Info:    ... okay on input line 3.
LaTeX Font Info:    Checking defaults for OT1/cmr/m/n on input line 3.
LaTeX Font Info:    ... okay on input line 3.
LaTeX Font Info:    Checking defaults for OMS/cmsy/m/n on input line 3.
LaTeX Font Info:    ... okay on input line 3.
LaTeX Font Info:    Checking defaults for OMX/cmex/m/n on input line 3.
LaTeX Font Info:    ... okay on input line 3.
LaTeX Font Info:    Checking defaults for U/cmr/m/n on input line 3.
LaTeX Font Info:    ... okay on input line 3.
 (/usr/share/texlive/texmf-dist/tex/context/base/supp-pdf.mkii
[Loading MPS to PDF converter (version 2006.09.02).]
\scratchcounter=\count88
\scratchdimen=\dimen105
\scratchbox=\box26
\nofMPsegments=\count89
\nofMParguments=\count90
\everyMPshowfont=\toks15
\MPscratchCnt=\count91
\MPscratchDim=\dimen106
\MPnumerator=\count92
\makeMPintoPDFobject=\count93
\everyMPtoPDFconversion=\toks16
) (/usr/share/texlive/texmf-dist/tex/generic/oberdiek/pdftexcmds.sty
Package: pdftexcmds 2011/11/29 v0.20 Utility functions of pdfTeX for LuaTeX (HO
)

(/usr/share/texlive/texmf-dist/tex/generic/oberdiek/ifluatex.sty
Package: ifluatex 2010/03/01 v1.3 Provides the ifluatex switch (HO)
Package ifluatex Info: LuaTeX not detected.
)
(/usr/share/texlive/texmf-dist/tex/generic/oberdiek/ifpdf.sty
Package: ifpdf 2011/01/30 v2.3 Provides the ifpdf switch (HO)
Package ifpdf Info: pdfTeX in PDF mode is detected.
)
Package pdftexcmds Info: LuaTeX not detected.
Package pdftexcmds Info: \pdf@primitive is available.
Package pdftexcmds Info: \pdf@ifprimitive is available.
Package pdftexcmds Info: \pdfdraftmode found.
)
(/usr/share/texlive/texmf-dist/tex/latex/oberdiek/epstopdf-base.sty
Package: epstopdf-base 2010/02/09 v2.5 Base part for package epstopdf

(/usr/share/texlive/texmf-dist/tex/latex/oberdiek/grfext.sty
Package: grfext 2010/08/19 v1.1 Manage graphics extensions (HO)

(/usr/share/texlive/texmf-dist/tex/generic/oberdiek/kvdefinekeys.sty
Package: kvdefinekeys 2011/04/07 v1.3 Define keys (HO)
))
(/usr/share/texlive/texmf-dist/tex/latex/oberdiek/kvoptions.sty
Package: kvoptions 2011/06/30 v3.11 Key value format for package options (HO)

(/usr/share/texlive/texmf-dist/tex/generic/oberdiek/kvsetkeys.sty
Package: kvsetkeys 2012/04/25 v1.16 Key value parser (HO)

(/usr/share/texlive/texmf-dist/tex/generic/oberdiek/etexcmds.sty
Package: etexcmds 2011/02/16 v1.5 Avoid name clashes with e-TeX commands (HO)
Package etexcmds Info: Could not find \expanded.
(etexcmds)             That can mean that you are not using pdfTeX 1.50 or
(etexcmds)             that some package has redefined \expanded.
(etexcmds)             In the latter case, load this package earlier.
)))
Package grfext Info: Graphics extension search list:
(grfext)             [.png,.pdf,.jpg,.mps,.jpeg,.jbig2,.jb2,.PNG,.PDF,.JPG,.JPE
G,.JBIG2,.JB2,.eps]
(grfext)             \AppendGraphicsExtensions on input line 452.

(/usr/share/texlive/texmf-dist/tex/latex/latexconfig/epstopdf-sys.cfg
File: epstopdf-sys.cfg 2010/07/13 v1.3 Configuration of (r)epstopdf for TeX Liv
e
))
LaTeX Font Info:    External font `cmex10' loaded for size
(Font)              <12> on input line 7.
LaTeX Font Info:    External font `cmex10' loaded for size
(Font)              <8> on input line 7.
LaTeX Font Info:    External font `cmex10' loaded for size
(Font)              <6> on input line 7.

[1

{/usr/share/texlive/texmf/fonts/map/pdftex/updmap/pdftex.map}]
<./images/ss1.png, id=9, 569.12625pt x 377.41pt>
File: ./images/ss1.png Graphic file (type png)
 <use ./images/ss1.png>
Package pdftex.def Info: ./images/ss1.png used on input line 24.
(pdftex.def)             Requested size: 284.56242pt x 188.70453pt.

<./images/ss2.png, id=11, 1269.74374pt x 246.9225pt>
File: ./images/ss2.png Graphic file (type png)
 <use ./images/ss2.png>
Package pdftex.def Info: ./images/ss2.png used on input line 33.
(pdftex.def)             Requested size: 634.87032pt x 123.46094pt.

Overfull \hbox (289.87032pt too wide) in paragraph at lines 33--34
 [][] 
 []


LaTeX Warning: `!h' float specifier changed to `!ht'.

LaTeX Font Info:    Try loading font information for OMS+cmr on input line 39.
(/usr/share/texlive/texmf-dist/tex/latex/base/omscmr.fd
File: omscmr.fd 1999/05/25 v2.5h Standard LaTeX font definitions
)
LaTeX Font Info:    Font shape `OMS/cmr/m/n' in size <10> not available
(Font)              Font shape `OMS/cmsy/m/n' tried instead on input line 39.
 [2 <./images/ss1.png>] <./images/ss3.png, id=19, 557.08125pt x 62.2325pt>
File: ./images/ss3.png Graphic file (type png)
 <use ./images/ss3.png>
Package pdftex.def Info: ./images/ss3.png used on input line 43.
(pdftex.def)             Requested size: 278.53995pt x 31.11617pt.

<./images/ss4.png, id=20, 280.04625pt x 38.1425pt>
File: ./images/ss4.png Graphic file (type png)
 <use ./images/ss4.png>
Package pdftex.def Info: ./images/ss4.png used on input line 52.
(pdftex.def)             Requested size: 140.02277pt x 19.0712pt.

<./images/ss5.png, id=21, 532.99126pt x 39.14626pt>
File: ./images/ss5.png Graphic file (type png)
 <use ./images/ss5.png>
Package pdftex.def Info: ./images/ss5.png used on input line 61.
(pdftex.def)             Requested size: 266.49498pt x 19.57307pt.

<./images/ss6.png, id=22, 272.01625pt x 38.1425pt>
File: ./images/ss6.png Graphic file (type png)
 <use ./images/ss6.png>
Package pdftex.def Info: ./images/ss6.png used on input line 70.
(pdftex.def)             Requested size: 136.00778pt x 19.0712pt.


LaTeX Warning: `!h' float specifier changed to `!ht'.

[3 <./images/ss2.png> <./images/ss3.png> <./images/ss4.png> <./images/ss5.png>]
<./images/ss7.png, id=31, 428.60126pt x 37.13875pt>
File: ./images/ss7.png Graphic file (type png)
 <use ./images/ss7.png>
Package pdftex.def Info: ./images/ss7.png used on input line 83.
(pdftex.def)             Requested size: 214.3001pt x 18.56932pt.

<./images/ss8.png, id=32, 428.60126pt x 35.13126pt>
File: ./images/ss8.png Graphic file (type png)
 <use ./images/ss8.png>
Package pdftex.def Info: ./images/ss8.png used on input line 92.
(pdftex.def)             Requested size: 214.3001pt x 17.56557pt.

[4 <./images/ss6.png> <./images/ss7.png> <./images/ss8.png>]
<./images/ss9.png, id=39, 390.45876pt x 36.135pt>
File: ./images/ss9.png Graphic file (type png)
 <use ./images/ss9.png>
Package pdftex.def Info: ./images/ss9.png used on input line 106.
(pdftex.def)             Requested size: 195.2289pt x 18.06744pt.

Overfull \hbox (0.41605pt too wide) in paragraph at lines 111--112
[]\OT1/cmr/m/n/10 The sec-ond de-liv-er-able for Part 4 was to cre-ate a VFS en
-try for /proc/seconds
 []

<./images/ss10.png, id=40, 385.44pt x 95.35625pt>
File: ./images/ss10.png Graphic file (type png)
 <use ./images/ss10.png>
Package pdftex.def Info: ./images/ss10.png used on input line 115.
(pdftex.def)             Requested size: 192.71953pt x 47.678pt.

[5 <./images/ss9.png> <./images/ss10.png>] [6]
Overfull \hbox (64.49643pt too wide) in paragraph at lines 269--269
[]\OT1/cmtt/m/n/10 ssize_t read_jiffies(struct file *file, char *buf, size_t co
unt, loff_t *pos);[] 
 []


Overfull \hbox (64.49643pt too wide) in paragraph at lines 269--269
[]\OT1/cmtt/m/n/10 ssize_t read_seconds(struct file *file, char *buf, size_t co
unt, loff_t *pos);[] 
 []

[7]
Overfull \hbox (17.24684pt too wide) in paragraph at lines 269--269
[]        \OT1/cmtt/m/n/10 printk(KERN_INFO "Golden_Ratio = %lu\n", GOLDEN_RATI
O_PRIME);[] 
 []


Overfull \hbox (116.99597pt too wide) in paragraph at lines 269--269
[]\OT1/cmtt/m/n/10 ssize_t read_jiffies(struct file *file, char __user *usr_buf
, size_t count, loff_t *pos)[] 
 []

[8]
Overfull \hbox (116.99597pt too wide) in paragraph at lines 269--269
[]\OT1/cmtt/m/n/10 ssize_t read_seconds(struct file *file, char __user *usr_buf
, size_t count, loff_t *pos)[] 
 []

[9] (./Report.aux)

LaTeX Warning: There were multiply-defined labels.

 ) 
Here is how much of TeX's memory you used:
 1564 strings out of 494820
 22443 string characters out of 3178049
 76566 words of memory out of 3000000
 4747 multiletter control sequences out of 15000+200000
 8401 words of font info for 30 fonts, out of 3000000 for 9000
 198 hyphenation exceptions out of 8191
 37i,6n,23p,1165b,244s stack positions out of 5000i,500n,10000p,200000b,50000s
</usr/share/texlive/texmf-dist/fonts/type1/public/amsfonts/cm/cmbx12.pfb></us
r/share/texlive/texmf-dist/fonts/type1/public/amsfonts/cm/cmbx9.pfb></usr/share
/texlive/texmf-dist/fonts/type1/public/amsfonts/cm/cmr10.pfb></usr/share/texliv
e/texmf-dist/fonts/type1/public/amsfonts/cm/cmr12.pfb></usr/share/texlive/texmf
-dist/fonts/type1/public/amsfonts/cm/cmr17.pfb></usr/share/texlive/texmf-dist/f
onts/type1/public/amsfonts/cm/cmr9.pfb></usr/share/texlive/texmf-dist/fonts/typ
e1/public/amsfonts/cm/cmsy10.pfb></usr/share/texlive/texmf-dist/fonts/type1/pub
lic/amsfonts/cm/cmti10.pfb></usr/share/texlive/texmf-dist/fonts/type1/public/am
sfonts/cm/cmtt10.pfb>
Output written on Report.pdf (9 pages, 260136 bytes).
PDF statistics:
 91 PDF objects out of 1000 (max. 8388607)
 50 compressed objects within 1 object stream
 0 named destinations out of 1000 (max. 500000)
 51 words of extra memory for PDF output out of 10000 (max. 10000000)

